<?xml version="1.0" encoding="UTF-8"?>
<!-- Generated by org.testng.reporters.JUnitXMLReporter -->
<testsuite ignored="0" hostname="CILPLAP00042" failures="0" tests="5" name="Test" time="48.966" errors="0" timestamp="2025-06-26T15:36:57 IST">
  <testcase classname="TestingSuite.TestLoginPage" name="TestInvalidUsername" time="2.567"/>
  <testcase classname="TestingSuite.TestLoginPage" name="TestINValidCredentials" time="2.187"/>
  <testcase classname="TestingSuite.TestLoginPage" name="TestValidCredentials" time="13.712"/>
  <testcase classname="TestingSuite.TestLoginPage" name="TestInvalidPassword" time="15.843"/>
  <testcase classname="TestingSuite.TestLoginPage" name="emptyLogin" time="10.408"/>
</testsuite> <!-- Test -->
